{"event": "tool_start", "tool": "sentiment_api", "input": "{'payload_json': '{\"feedback_id\": \"fb_1760620470\", \"text\": \"Kartla ödəniş problemi yaşadım\", \"processed_at\": \"2025-10-16T17:14:30\"}'}", "t": "2025-10-16 17:14:34"}
{"event": "tool_end", "output": "{\"feedback_id\": \"fb_1760620470\", \"text\": \"Kartla ödəniş problemi yaşadım\", \"sentiment\": \"negative\", \"confidence\": 0.7422, \"processed_at\": \"2025-10-16T17:14:30\"}", "t": "2025-10-16 17:14:45"}
{"event": "tool_start", "tool": "label_writer", "input": "{'record_json': '{\"feedback_id\": \"fb_1760620470\", \"text\": \"Kartla ödəniş problemi yaşadım\", \"sentiment\": \"negative\", \"confidence\": 0.7422, \"processed_at\": \"2025-10-16T17:14:30\"}'}", "t": "2025-10-16 17:14:47"}
{"event": "tool_end", "output": "OK: record appended to labeled_feedbacks.csv", "t": "2025-10-16 17:14:47"}
{"event": "tool_start", "tool": "sentiment_api", "input": "{'payload_json': '{\"feedback_id\": \"fb_1760620721\", \"text\": \"Kartla ödəniş problemi yaşadım\", \"processed_at\": \"2025-10-16T17:18:41\"}'}", "t": "2025-10-16 17:18:42"}
{"event": "tool_end", "output": "{\"feedback_id\": \"fb_1760620721\", \"text\": \"Kartla ödəniş problemi yaşadım\", \"sentiment\": \"negative\", \"confidence\": 0.7422, \"processed_at\": \"2025-10-16T17:18:41\"}", "t": "2025-10-16 17:18:54"}
{"event": "tool_start", "tool": "label_writer", "input": "{'record_json': '{\"feedback_id\": \"fb_1760620721\", \"text\": \"Kartla ödəniş problemi yaşadım\", \"sentiment\": \"negative\", \"confidence\": 0.7422, \"processed_at\": \"2025-10-16T17:18:41\"}'}", "t": "2025-10-16 17:18:56"}
{"event": "tool_end", "output": "OK: record appended to labeled_feedbacks.csv", "t": "2025-10-16 17:18:56"}
{"event": "tool_start", "tool": "sentiment_api", "input": "{'payload_json': '{\"feedback_id\": \"fb_1760620744\", \"text\": \"Məhsul gözləntilərə uyğundur\", \"processed_at\": \"2025-10-16T17:19:04\"}'}", "t": "2025-10-16 17:19:06"}
{"event": "tool_end", "output": "{\"feedback_id\": \"fb_1760620744\", \"text\": \"Məhsul gözləntilərə uyğundur\", \"sentiment\": \"neutral\", \"confidence\": 0.5549, \"processed_at\": \"2025-10-16T17:19:04\"}", "t": "2025-10-16 17:19:09"}
{"event": "tool_start", "tool": "label_writer", "input": "{'record_json': '{\"feedback_id\": \"fb_1760620744\", \"text\": \"Məhsul gözləntilərə uyğundur\", \"sentiment\": \"neutral\", \"confidence\": 0.5549, \"processed_at\": \"2025-10-16T17:19:04\"}'}", "t": "2025-10-16 17:19:12"}
{"event": "tool_end", "output": "OK: record appended to labeled_feedbacks.csv", "t": "2025-10-16 17:19:12"}
{"event": "tool_start", "tool": "sentiment_api", "input": "{'payload_json': '{\"feedback_id\": \"fb_1760620765\", \"text\": \"Heç nə deyə bilmərəm, adi xidmət\", \"processed_at\": \"2025-10-16T17:19:25\"}'}", "t": "2025-10-16 17:19:27"}
{"event": "tool_end", "output": "{\"feedback_id\": \"fb_1760620765\", \"text\": \"Heç nə deyə bilmərəm, adi xidmət\", \"sentiment\": \"negative\", \"confidence\": 0.6235, \"processed_at\": \"2025-10-16T17:19:25\"}", "t": "2025-10-16 17:19:32"}
{"event": "tool_start", "tool": "label_writer", "input": "{'record_json': '{\"feedback_id\": \"fb_1760620765\", \"text\": \"Heç nə deyə bilmərəm, adi xidmət\", \"sentiment\": \"negative\", \"confidence\": 0.6235, \"processed_at\": \"2025-10-16T17:19:25\"}'}", "t": "2025-10-16 17:19:34"}
{"event": "tool_end", "output": "OK: record appended to labeled_feedbacks.csv", "t": "2025-10-16 17:19:34"}
{"event": "tool_start", "tool": "sentiment_api", "input": "{'payload_json': '{\"feedback_id\": \"fb_1760620802\", \"text\": \"Yaxşı idi Təşəkkür edirəm\", \"processed_at\": \"2025-10-16T17:20:02\"}'}", "t": "2025-10-16 17:20:07"}
{"event": "tool_end", "output": "{\"feedback_id\": \"fb_1760620802\", \"text\": \"Yaxşı idi Təşəkkür edirəm\", \"sentiment\": \"positive\", \"confidence\": 0.871, \"processed_at\": \"2025-10-16T17:20:02\"}", "t": "2025-10-16 17:20:11"}
{"event": "tool_start", "tool": "label_writer", "input": "{'record_json': '{\"feedback_id\": \"fb_1760620802\", \"text\": \"Yaxşı idi Təşəkkür edirəm\", \"sentiment\": \"positive\", \"confidence\": 0.871, \"processed_at\": \"2025-10-16T17:20:02\"}'}", "t": "2025-10-16 17:20:13"}
{"event": "tool_end", "output": "OK: record appended to labeled_feedbacks.csv", "t": "2025-10-16 17:20:13"}
